{"C:\\Users\\denis\\lab-testing-movie-api\\api-peliculas\\index.js": {"path":"C:\\Users\\denis\\lab-testing-movie-api\\api-peliculas\\index.js","statementMap":{"0":{"start":{"line":2,"column":0},"end":{"line":2,"column":26}},"1":{"start":{"line":3,"column":0},"end":{"line":3,"column":26}},"2":{"start":{"line":5,"column":16},"end":{"line":5,"column":34}},"3":{"start":{"line":6,"column":12},"end":{"line":6,"column":21}},"4":{"start":{"line":7,"column":24},"end":{"line":7,"column":57}},"5":{"start":{"line":8,"column":27},"end":{"line":8,"column":63}},"6":{"start":{"line":9,"column":23},"end":{"line":9,"column":55}},"7":{"start":{"line":10,"column":19},"end":{"line":10,"column":47}},"8":{"start":{"line":11,"column":24},"end":{"line":11,"column":57}},"9":{"start":{"line":12,"column":21},"end":{"line":12,"column":61}},"10":{"start":{"line":13,"column":13},"end":{"line":13,"column":37}},"11":{"start":{"line":16,"column":0},"end":{"line":16,"column":23}},"12":{"start":{"line":17,"column":0},"end":{"line":17,"column":32}},"13":{"start":{"line":18,"column":0},"end":{"line":18,"column":36}},"14":{"start":{"line":21,"column":0},"end":{"line":21,"column":42}},"15":{"start":{"line":22,"column":0},"end":{"line":22,"column":48}},"16":{"start":{"line":23,"column":0},"end":{"line":23,"column":42}},"17":{"start":{"line":26,"column":0},"end":{"line":28,"column":2}},"18":{"start":{"line":27,"column":2},"end":{"line":27,"column":80}},"19":{"start":{"line":31,"column":0},"end":{"line":31,"column":21}},"20":{"start":{"line":34,"column":0},"end":{"line":38,"column":1}},"21":{"start":{"line":35,"column":2},"end":{"line":37,"column":4}},"22":{"start":{"line":36,"column":4},"end":{"line":36,"column":55}},"23":{"start":{"line":40,"column":0},"end":{"line":40,"column":20}}},"fnMap":{"0":{"name":"(anonymous_0)","decl":{"start":{"line":26,"column":8},"end":{"line":26,"column":9}},"loc":{"start":{"line":26,"column":22},"end":{"line":28,"column":1}},"line":26},"1":{"name":"(anonymous_1)","decl":{"start":{"line":35,"column":19},"end":{"line":35,"column":20}},"loc":{"start":{"line":35,"column":25},"end":{"line":37,"column":3}},"line":35}},"branchMap":{"0":{"loc":{"start":{"line":13,"column":13},"end":{"line":13,"column":37}},"type":"binary-expr","locations":[{"start":{"line":13,"column":13},"end":{"line":13,"column":29}},{"start":{"line":13,"column":33},"end":{"line":13,"column":37}}],"line":13},"1":{"loc":{"start":{"line":34,"column":0},"end":{"line":38,"column":1}},"type":"if","locations":[{"start":{"line":34,"column":0},"end":{"line":38,"column":1}},{"start":{},"end":{}}],"line":34}},"s":{"0":2,"1":2,"2":2,"3":2,"4":2,"5":2,"6":2,"7":2,"8":2,"9":2,"10":2,"11":2,"12":2,"13":2,"14":2,"15":2,"16":2,"17":2,"18":0,"19":2,"20":2,"21":0,"22":0,"23":2},"f":{"0":0,"1":0},"b":{"0":[2,0],"1":[0,2]},"_coverageSchema":"1a1c01bbd47fc00a2c39e90264f33305004495a9","hash":"a818ef51a8923a1f19752dd40a826a38ed116f3d"}
,"C:\\Users\\denis\\lab-testing-movie-api\\api-peliculas\\src\\__tests__\\helpers.js": {"path":"C:\\Users\\denis\\lab-testing-movie-api\\api-peliculas\\src\\__tests__\\helpers.js","statementMap":{"0":{"start":{"line":1,"column":15},"end":{"line":1,"column":32}},"1":{"start":{"line":2,"column":12},"end":{"line":2,"column":35}},"2":{"start":{"line":3,"column":13},"end":{"line":3,"column":36}},"3":{"start":{"line":5,"column":21},"end":{"line":20,"column":1}},"4":{"start":{"line":6,"column":24},"end":{"line":6,"column":55}},"5":{"start":{"line":7,"column":19},"end":{"line":12,"column":3}},"6":{"start":{"line":13,"column":18},"end":{"line":13,"column":25}},"7":{"start":{"line":14,"column":16},"end":{"line":18,"column":3}},"8":{"start":{"line":19,"column":2},"end":{"line":19,"column":27}},"9":{"start":{"line":22,"column":22},"end":{"line":28,"column":1}},"10":{"start":{"line":23,"column":19},"end":{"line":26,"column":3}},"11":{"start":{"line":27,"column":2},"end":{"line":27,"column":16}},"12":{"start":{"line":30,"column":0},"end":{"line":30,"column":48}}},"fnMap":{"0":{"name":"(anonymous_0)","decl":{"start":{"line":5,"column":21},"end":{"line":5,"column":22}},"loc":{"start":{"line":5,"column":126},"end":{"line":20,"column":1}},"line":5},"1":{"name":"(anonymous_1)","decl":{"start":{"line":22,"column":22},"end":{"line":22,"column":23}},"loc":{"start":{"line":22,"column":92},"end":{"line":28,"column":1}},"line":22}},"branchMap":{"0":{"loc":{"start":{"line":5,"column":28},"end":{"line":5,"column":121}},"type":"default-arg","locations":[{"start":{"line":5,"column":119},"end":{"line":5,"column":121}}],"line":5},"1":{"loc":{"start":{"line":5,"column":30},"end":{"line":5,"column":50}},"type":"default-arg","locations":[{"start":{"line":5,"column":39},"end":{"line":5,"column":50}}],"line":5},"2":{"loc":{"start":{"line":5,"column":52},"end":{"line":5,"column":75}},"type":"default-arg","locations":[{"start":{"line":5,"column":60},"end":{"line":5,"column":75}}],"line":5},"3":{"loc":{"start":{"line":5,"column":77},"end":{"line":5,"column":97}},"type":"default-arg","locations":[{"start":{"line":5,"column":88},"end":{"line":5,"column":97}}],"line":5},"4":{"loc":{"start":{"line":5,"column":99},"end":{"line":5,"column":114}},"type":"default-arg","locations":[{"start":{"line":5,"column":105},"end":{"line":5,"column":114}}],"line":5},"5":{"loc":{"start":{"line":16,"column":4},"end":{"line":16,"column":43}},"type":"binary-expr","locations":[{"start":{"line":16,"column":4},"end":{"line":16,"column":26}},{"start":{"line":16,"column":30},"end":{"line":16,"column":43}}],"line":16},"6":{"loc":{"start":{"line":22,"column":29},"end":{"line":22,"column":87}},"type":"default-arg","locations":[{"start":{"line":22,"column":85},"end":{"line":22,"column":87}}],"line":22},"7":{"loc":{"start":{"line":22,"column":31},"end":{"line":22,"column":55}},"type":"default-arg","locations":[{"start":{"line":22,"column":40},"end":{"line":22,"column":55}}],"line":22},"8":{"loc":{"start":{"line":22,"column":57},"end":{"line":22,"column":68}},"type":"default-arg","locations":[{"start":{"line":22,"column":64},"end":{"line":22,"column":68}}],"line":22},"9":{"loc":{"start":{"line":22,"column":70},"end":{"line":22,"column":80}},"type":"default-arg","locations":[{"start":{"line":22,"column":77},"end":{"line":22,"column":80}}],"line":22}},"s":{"0":1,"1":1,"2":1,"3":1,"4":8,"5":8,"6":8,"7":8,"8":8,"9":1,"10":8,"11":8,"12":1},"f":{"0":8,"1":8},"b":{"0":[6],"1":[8],"2":[6],"3":[8],"4":[8],"5":[8,0],"6":[6],"7":[6],"8":[8],"9":[8]},"_coverageSchema":"1a1c01bbd47fc00a2c39e90264f33305004495a9","hash":"86132cdddf541821a5ce8d2a456592d3af69ac84"}
,"C:\\Users\\denis\\lab-testing-movie-api\\api-peliculas\\src\\config\\db.js": {"path":"C:\\Users\\denis\\lab-testing-movie-api\\api-peliculas\\src\\config\\db.js","statementMap":{"0":{"start":{"line":1,"column":17},"end":{"line":1,"column":30}},"1":{"start":{"line":3,"column":13},"end":{"line":11,"column":2}},"2":{"start":{"line":13,"column":0},"end":{"line":13,"column":21}}},"fnMap":{},"branchMap":{"0":{"loc":{"start":{"line":4,"column":8},"end":{"line":4,"column":42}},"type":"binary-expr","locations":[{"start":{"line":4,"column":8},"end":{"line":4,"column":27}},{"start":{"line":4,"column":31},"end":{"line":4,"column":42}}],"line":4},"1":{"loc":{"start":{"line":5,"column":8},"end":{"line":5,"column":35}},"type":"binary-expr","locations":[{"start":{"line":5,"column":8},"end":{"line":5,"column":27}},{"start":{"line":5,"column":31},"end":{"line":5,"column":35}}],"line":5},"2":{"loc":{"start":{"line":6,"column":12},"end":{"line":8,"column":25}},"type":"cond-expr","locations":[{"start":{"line":7,"column":6},"end":{"line":7,"column":30}},{"start":{"line":8,"column":6},"end":{"line":8,"column":25}}],"line":6}},"s":{"0":2,"1":2,"2":2},"f":{},"b":{"0":[2,0],"1":[2,0],"2":[2,0]},"_coverageSchema":"1a1c01bbd47fc00a2c39e90264f33305004495a9","hash":"3a2fe56ed6393413a41b84ad7aabcc19d419c4d6"}
,"C:\\Users\\denis\\lab-testing-movie-api\\api-peliculas\\src\\controllers\\authController.js": {"path":"C:\\Users\\denis\\lab-testing-movie-api\\api-peliculas\\src\\controllers\\authController.js","statementMap":{"0":{"start":{"line":1,"column":15},"end":{"line":1,"column":32}},"1":{"start":{"line":2,"column":12},"end":{"line":2,"column":35}},"2":{"start":{"line":3,"column":13},"end":{"line":3,"column":36}},"3":{"start":{"line":4,"column":17},"end":{"line":4,"column":45}},"4":{"start":{"line":6,"column":20},"end":{"line":6,"column":22}},"5":{"start":{"line":8,"column":21},"end":{"line":18,"column":1}},"6":{"start":{"line":9,"column":2},"end":{"line":17,"column":3}},"7":{"start":{"line":21,"column":17},"end":{"line":59,"column":1}},"8":{"start":{"line":22,"column":2},"end":{"line":58,"column":3}},"9":{"start":{"line":23,"column":45},"end":{"line":23,"column":53}},"10":{"start":{"line":25,"column":4},"end":{"line":27,"column":5}},"11":{"start":{"line":26,"column":6},"end":{"line":26,"column":74}},"12":{"start":{"line":29,"column":4},"end":{"line":31,"column":5}},"13":{"start":{"line":30,"column":6},"end":{"line":30,"column":79}},"14":{"start":{"line":34,"column":19},"end":{"line":34,"column":88}},"15":{"start":{"line":35,"column":4},"end":{"line":37,"column":5}},"16":{"start":{"line":36,"column":6},"end":{"line":36,"column":67}},"17":{"start":{"line":39,"column":26},"end":{"line":39,"column":66}},"18":{"start":{"line":42,"column":21},"end":{"line":42,"column":58}},"19":{"start":{"line":44,"column":21},"end":{"line":49,"column":5}},"20":{"start":{"line":51,"column":20},"end":{"line":51,"column":27}},"21":{"start":{"line":52,"column":18},"end":{"line":52,"column":39}},"22":{"start":{"line":54,"column":4},"end":{"line":54,"column":44}},"23":{"start":{"line":57,"column":4},"end":{"line":57,"column":13}},"24":{"start":{"line":62,"column":14},"end":{"line":101,"column":1}},"25":{"start":{"line":63,"column":2},"end":{"line":100,"column":3}},"26":{"start":{"line":64,"column":32},"end":{"line":64,"column":40}},"27":{"start":{"line":66,"column":4},"end":{"line":68,"column":5}},"28":{"start":{"line":67,"column":6},"end":{"line":67,"column":66}},"29":{"start":{"line":70,"column":21},"end":{"line":73,"column":5}},"30":{"start":{"line":75,"column":4},"end":{"line":77,"column":5}},"31":{"start":{"line":76,"column":6},"end":{"line":76,"column":57}},"32":{"start":{"line":79,"column":20},"end":{"line":79,"column":27}},"33":{"start":{"line":80,"column":27},"end":{"line":80,"column":80}},"34":{"start":{"line":82,"column":4},"end":{"line":84,"column":5}},"35":{"start":{"line":83,"column":6},"end":{"line":83,"column":57}},"36":{"start":{"line":86,"column":18},"end":{"line":86,"column":39}},"37":{"start":{"line":88,"column":4},"end":{"line":96,"column":6}},"38":{"start":{"line":99,"column":4},"end":{"line":99,"column":13}},"39":{"start":{"line":104,"column":15},"end":{"line":119,"column":1}},"40":{"start":{"line":105,"column":2},"end":{"line":118,"column":3}},"41":{"start":{"line":106,"column":21},"end":{"line":109,"column":5}},"42":{"start":{"line":111,"column":4},"end":{"line":113,"column":5}},"43":{"start":{"line":112,"column":6},"end":{"line":112,"column":54}},"44":{"start":{"line":115,"column":4},"end":{"line":115,"column":21}},"45":{"start":{"line":117,"column":4},"end":{"line":117,"column":13}},"46":{"start":{"line":121,"column":0},"end":{"line":121,"column":44}}},"fnMap":{"0":{"name":"(anonymous_0)","decl":{"start":{"line":8,"column":21},"end":{"line":8,"column":22}},"loc":{"start":{"line":8,"column":34},"end":{"line":18,"column":1}},"line":8},"1":{"name":"(anonymous_1)","decl":{"start":{"line":21,"column":17},"end":{"line":21,"column":18}},"loc":{"start":{"line":21,"column":43},"end":{"line":59,"column":1}},"line":21},"2":{"name":"(anonymous_2)","decl":{"start":{"line":62,"column":14},"end":{"line":62,"column":15}},"loc":{"start":{"line":62,"column":40},"end":{"line":101,"column":1}},"line":62},"3":{"name":"(anonymous_3)","decl":{"start":{"line":104,"column":15},"end":{"line":104,"column":16}},"loc":{"start":{"line":104,"column":41},"end":{"line":119,"column":1}},"line":104}},"branchMap":{"0":{"loc":{"start":{"line":16,"column":17},"end":{"line":16,"column":52}},"type":"binary-expr","locations":[{"start":{"line":16,"column":17},"end":{"line":16,"column":43}},{"start":{"line":16,"column":47},"end":{"line":16,"column":52}}],"line":16},"1":{"loc":{"start":{"line":25,"column":4},"end":{"line":27,"column":5}},"type":"if","locations":[{"start":{"line":25,"column":4},"end":{"line":27,"column":5}},{"start":{},"end":{}}],"line":25},"2":{"loc":{"start":{"line":25,"column":8},"end":{"line":25,"column":38}},"type":"binary-expr","locations":[{"start":{"line":25,"column":8},"end":{"line":25,"column":15}},{"start":{"line":25,"column":19},"end":{"line":25,"column":25}},{"start":{"line":25,"column":29},"end":{"line":25,"column":38}}],"line":25},"3":{"loc":{"start":{"line":29,"column":4},"end":{"line":31,"column":5}},"type":"if","locations":[{"start":{"line":29,"column":4},"end":{"line":31,"column":5}},{"start":{},"end":{}}],"line":29},"4":{"loc":{"start":{"line":35,"column":4},"end":{"line":37,"column":5}},"type":"if","locations":[{"start":{"line":35,"column":4},"end":{"line":37,"column":5}},{"start":{},"end":{}}],"line":35},"5":{"loc":{"start":{"line":42,"column":21},"end":{"line":42,"column":58}},"type":"cond-expr","locations":[{"start":{"line":42,"column":39},"end":{"line":42,"column":46}},{"start":{"line":42,"column":49},"end":{"line":42,"column":58}}],"line":42},"6":{"loc":{"start":{"line":66,"column":4},"end":{"line":68,"column":5}},"type":"if","locations":[{"start":{"line":66,"column":4},"end":{"line":68,"column":5}},{"start":{},"end":{}}],"line":66},"7":{"loc":{"start":{"line":66,"column":8},"end":{"line":66,"column":27}},"type":"binary-expr","locations":[{"start":{"line":66,"column":8},"end":{"line":66,"column":14}},{"start":{"line":66,"column":18},"end":{"line":66,"column":27}}],"line":66},"8":{"loc":{"start":{"line":75,"column":4},"end":{"line":77,"column":5}},"type":"if","locations":[{"start":{"line":75,"column":4},"end":{"line":77,"column":5}},{"start":{},"end":{}}],"line":75},"9":{"loc":{"start":{"line":82,"column":4},"end":{"line":84,"column":5}},"type":"if","locations":[{"start":{"line":82,"column":4},"end":{"line":84,"column":5}},{"start":{},"end":{}}],"line":82},"10":{"loc":{"start":{"line":111,"column":4},"end":{"line":113,"column":5}},"type":"if","locations":[{"start":{"line":111,"column":4},"end":{"line":113,"column":5}},{"start":{},"end":{}}],"line":111}},"s":{"0":2,"1":2,"2":2,"3":2,"4":2,"5":2,"6":0,"7":2,"8":0,"9":0,"10":0,"11":0,"12":0,"13":0,"14":0,"15":0,"16":0,"17":0,"18":0,"19":0,"20":0,"21":0,"22":0,"23":0,"24":2,"25":0,"26":0,"27":0,"28":0,"29":0,"30":0,"31":0,"32":0,"33":0,"34":0,"35":0,"36":0,"37":0,"38":0,"39":2,"40":0,"41":0,"42":0,"43":0,"44":0,"45":0,"46":2},"f":{"0":0,"1":0,"2":0,"3":0},"b":{"0":[0,0],"1":[0,0],"2":[0,0,0],"3":[0,0],"4":[0,0],"5":[0,0],"6":[0,0],"7":[0,0],"8":[0,0],"9":[0,0],"10":[0,0]},"_coverageSchema":"1a1c01bbd47fc00a2c39e90264f33305004495a9","hash":"e08b8c2fd934827d95f87d9e0702778c6dccc3c5"}
,"C:\\Users\\denis\\lab-testing-movie-api\\api-peliculas\\src\\controllers\\favoritosController.js": {"path":"C:\\Users\\denis\\lab-testing-movie-api\\api-peliculas\\src\\controllers\\favoritosController.js","statementMap":{"0":{"start":{"line":1,"column":13},"end":{"line":1,"column":36}},"1":{"start":{"line":2,"column":17},"end":{"line":2,"column":45}},"2":{"start":{"line":3,"column":32},"end":{"line":3,"column":69}},"3":{"start":{"line":6,"column":23},"end":{"line":29,"column":1}},"4":{"start":{"line":7,"column":2},"end":{"line":28,"column":3}},"5":{"start":{"line":8,"column":23},"end":{"line":8,"column":52}},"6":{"start":{"line":9,"column":22},"end":{"line":9,"column":36}},"7":{"start":{"line":11,"column":2},"end":{"line":11,"column":43}},"8":{"start":{"line":13,"column":4},"end":{"line":24,"column":5}},"9":{"start":{"line":14,"column":23},"end":{"line":17,"column":7}},"10":{"start":{"line":18,"column":6},"end":{"line":18,"column":59}},"11":{"start":{"line":20,"column":6},"end":{"line":22,"column":7}},"12":{"start":{"line":21,"column":8},"end":{"line":21,"column":73}},"13":{"start":{"line":23,"column":6},"end":{"line":23,"column":15}},"14":{"start":{"line":27,"column":4},"end":{"line":27,"column":13}},"15":{"start":{"line":32,"column":23},"end":{"line":50,"column":1}},"16":{"start":{"line":33,"column":2},"end":{"line":49,"column":3}},"17":{"start":{"line":34,"column":23},"end":{"line":34,"column":52}},"18":{"start":{"line":35,"column":22},"end":{"line":35,"column":36}},"19":{"start":{"line":37,"column":25},"end":{"line":40,"column":5}},"20":{"start":{"line":42,"column":4},"end":{"line":44,"column":5}},"21":{"start":{"line":43,"column":6},"end":{"line":43,"column":55}},"22":{"start":{"line":46,"column":4},"end":{"line":46,"column":61}},"23":{"start":{"line":48,"column":4},"end":{"line":48,"column":13}},"24":{"start":{"line":53,"column":24},"end":{"line":70,"column":1}},"25":{"start":{"line":54,"column":2},"end":{"line":69,"column":3}},"26":{"start":{"line":55,"column":22},"end":{"line":55,"column":36}},"27":{"start":{"line":57,"column":21},"end":{"line":64,"column":5}},"28":{"start":{"line":66,"column":4},"end":{"line":66,"column":18}},"29":{"start":{"line":68,"column":4},"end":{"line":68,"column":13}},"30":{"start":{"line":72,"column":0},"end":{"line":72,"column":68}}},"fnMap":{"0":{"name":"(anonymous_0)","decl":{"start":{"line":6,"column":23},"end":{"line":6,"column":24}},"loc":{"start":{"line":6,"column":49},"end":{"line":29,"column":1}},"line":6},"1":{"name":"(anonymous_1)","decl":{"start":{"line":32,"column":23},"end":{"line":32,"column":24}},"loc":{"start":{"line":32,"column":49},"end":{"line":50,"column":1}},"line":32},"2":{"name":"(anonymous_2)","decl":{"start":{"line":53,"column":24},"end":{"line":53,"column":25}},"loc":{"start":{"line":53,"column":50},"end":{"line":70,"column":1}},"line":53}},"branchMap":{"0":{"loc":{"start":{"line":20,"column":6},"end":{"line":22,"column":7}},"type":"if","locations":[{"start":{"line":20,"column":6},"end":{"line":22,"column":7}},{"start":{},"end":{}}],"line":20},"1":{"loc":{"start":{"line":42,"column":4},"end":{"line":44,"column":5}},"type":"if","locations":[{"start":{"line":42,"column":4},"end":{"line":44,"column":5}},{"start":{},"end":{}}],"line":42}},"s":{"0":2,"1":2,"2":2,"3":2,"4":8,"5":8,"6":8,"7":8,"8":7,"9":7,"10":6,"11":1,"12":1,"13":0,"14":2,"15":2,"16":2,"17":2,"18":2,"19":2,"20":2,"21":1,"22":1,"23":1,"24":2,"25":2,"26":2,"27":2,"28":2,"29":0,"30":2},"f":{"0":8,"1":2,"2":2},"b":{"0":[1,0],"1":[1,1]},"_coverageSchema":"1a1c01bbd47fc00a2c39e90264f33305004495a9","hash":"6dfd3cafbb1d8c6ab57188ee6e74e7b510581dc8"}
,"C:\\Users\\denis\\lab-testing-movie-api\\api-peliculas\\src\\controllers\\peliculasController.js": {"path":"C:\\Users\\denis\\lab-testing-movie-api\\api-peliculas\\src\\controllers\\peliculasController.js","statementMap":{"0":{"start":{"line":2,"column":24},"end":{"line":2,"column":62}},"1":{"start":{"line":3,"column":13},"end":{"line":3,"column":36}},"2":{"start":{"line":6,"column":24},"end":{"line":14,"column":1}},"3":{"start":{"line":7,"column":2},"end":{"line":13,"column":3}},"4":{"start":{"line":8,"column":31},"end":{"line":8,"column":40}},"5":{"start":{"line":9,"column":22},"end":{"line":9,"column":76}},"6":{"start":{"line":10,"column":4},"end":{"line":10,"column":23}},"7":{"start":{"line":12,"column":4},"end":{"line":12,"column":13}},"8":{"start":{"line":17,"column":24},"end":{"line":25,"column":1}},"9":{"start":{"line":18,"column":2},"end":{"line":24,"column":3}},"10":{"start":{"line":19,"column":15},"end":{"line":19,"column":36}},"11":{"start":{"line":20,"column":21},"end":{"line":20,"column":59}},"12":{"start":{"line":21,"column":4},"end":{"line":21,"column":22}},"13":{"start":{"line":23,"column":4},"end":{"line":23,"column":13}},"14":{"start":{"line":28,"column":22},"end":{"line":50,"column":1}},"15":{"start":{"line":29,"column":2},"end":{"line":49,"column":3}},"16":{"start":{"line":30,"column":59},"end":{"line":30,"column":67}},"17":{"start":{"line":32,"column":4},"end":{"line":36,"column":5}},"18":{"start":{"line":33,"column":18},"end":{"line":33,"column":72}},"19":{"start":{"line":34,"column":6},"end":{"line":34,"column":26}},"20":{"start":{"line":35,"column":6},"end":{"line":35,"column":15}},"21":{"start":{"line":38,"column":18},"end":{"line":44,"column":6}},"22":{"start":{"line":46,"column":4},"end":{"line":46,"column":31}},"23":{"start":{"line":48,"column":4},"end":{"line":48,"column":13}},"24":{"start":{"line":53,"column":27},"end":{"line":70,"column":1}},"25":{"start":{"line":54,"column":2},"end":{"line":69,"column":3}},"26":{"start":{"line":55,"column":15},"end":{"line":55,"column":36}},"27":{"start":{"line":56,"column":59},"end":{"line":56,"column":67}},"28":{"start":{"line":58,"column":24},"end":{"line":64,"column":6}},"29":{"start":{"line":66,"column":4},"end":{"line":66,"column":25}},"30":{"start":{"line":68,"column":4},"end":{"line":68,"column":13}},"31":{"start":{"line":73,"column":25},"end":{"line":81,"column":1}},"32":{"start":{"line":74,"column":2},"end":{"line":80,"column":3}},"33":{"start":{"line":75,"column":15},"end":{"line":75,"column":36}},"34":{"start":{"line":76,"column":22},"end":{"line":76,"column":56}},"35":{"start":{"line":77,"column":4},"end":{"line":77,"column":68}},"36":{"start":{"line":79,"column":4},"end":{"line":79,"column":13}},"37":{"start":{"line":84,"column":28},"end":{"line":91,"column":1}},"38":{"start":{"line":85,"column":2},"end":{"line":90,"column":3}},"39":{"start":{"line":86,"column":18},"end":{"line":86,"column":61}},"40":{"start":{"line":87,"column":4},"end":{"line":87,"column":19}},"41":{"start":{"line":89,"column":4},"end":{"line":89,"column":13}},"42":{"start":{"line":93,"column":22},"end":{"line":101,"column":1}},"43":{"start":{"line":94,"column":2},"end":{"line":100,"column":3}},"44":{"start":{"line":95,"column":15},"end":{"line":95,"column":36}},"45":{"start":{"line":96,"column":20},"end":{"line":96,"column":60}},"46":{"start":{"line":97,"column":4},"end":{"line":97,"column":21}},"47":{"start":{"line":99,"column":4},"end":{"line":99,"column":13}},"48":{"start":{"line":103,"column":20},"end":{"line":111,"column":1}},"49":{"start":{"line":104,"column":2},"end":{"line":110,"column":3}},"50":{"start":{"line":105,"column":15},"end":{"line":105,"column":36}},"51":{"start":{"line":106,"column":18},"end":{"line":106,"column":65}},"52":{"start":{"line":107,"column":4},"end":{"line":107,"column":31}},"53":{"start":{"line":109,"column":4},"end":{"line":109,"column":13}},"54":{"start":{"line":113,"column":31},"end":{"line":132,"column":1}},"55":{"start":{"line":114,"column":2},"end":{"line":131,"column":3}},"56":{"start":{"line":115,"column":21},"end":{"line":127,"column":6}},"57":{"start":{"line":128,"column":4},"end":{"line":128,"column":18}},"58":{"start":{"line":130,"column":4},"end":{"line":130,"column":13}},"59":{"start":{"line":135,"column":28},"end":{"line":157,"column":1}},"60":{"start":{"line":136,"column":2},"end":{"line":156,"column":3}},"61":{"start":{"line":137,"column":21},"end":{"line":152,"column":6}},"62":{"start":{"line":153,"column":4},"end":{"line":153,"column":18}},"63":{"start":{"line":155,"column":4},"end":{"line":155,"column":13}},"64":{"start":{"line":160,"column":0},"end":{"line":171,"column":1}}},"fnMap":{"0":{"name":"(anonymous_0)","decl":{"start":{"line":6,"column":24},"end":{"line":6,"column":25}},"loc":{"start":{"line":6,"column":50},"end":{"line":14,"column":1}},"line":6},"1":{"name":"(anonymous_1)","decl":{"start":{"line":17,"column":24},"end":{"line":17,"column":25}},"loc":{"start":{"line":17,"column":50},"end":{"line":25,"column":1}},"line":17},"2":{"name":"(anonymous_2)","decl":{"start":{"line":28,"column":22},"end":{"line":28,"column":23}},"loc":{"start":{"line":28,"column":48},"end":{"line":50,"column":1}},"line":28},"3":{"name":"(anonymous_3)","decl":{"start":{"line":53,"column":27},"end":{"line":53,"column":28}},"loc":{"start":{"line":53,"column":53},"end":{"line":70,"column":1}},"line":53},"4":{"name":"(anonymous_4)","decl":{"start":{"line":73,"column":25},"end":{"line":73,"column":26}},"loc":{"start":{"line":73,"column":51},"end":{"line":81,"column":1}},"line":73},"5":{"name":"(anonymous_5)","decl":{"start":{"line":84,"column":28},"end":{"line":84,"column":29}},"loc":{"start":{"line":84,"column":54},"end":{"line":91,"column":1}},"line":84},"6":{"name":"(anonymous_6)","decl":{"start":{"line":93,"column":22},"end":{"line":93,"column":23}},"loc":{"start":{"line":93,"column":48},"end":{"line":101,"column":1}},"line":93},"7":{"name":"(anonymous_7)","decl":{"start":{"line":103,"column":20},"end":{"line":103,"column":21}},"loc":{"start":{"line":103,"column":46},"end":{"line":111,"column":1}},"line":103},"8":{"name":"(anonymous_8)","decl":{"start":{"line":113,"column":31},"end":{"line":113,"column":32}},"loc":{"start":{"line":113,"column":57},"end":{"line":132,"column":1}},"line":113},"9":{"name":"(anonymous_9)","decl":{"start":{"line":135,"column":28},"end":{"line":135,"column":29}},"loc":{"start":{"line":135,"column":54},"end":{"line":157,"column":1}},"line":135}},"branchMap":{"0":{"loc":{"start":{"line":32,"column":4},"end":{"line":36,"column":5}},"type":"if","locations":[{"start":{"line":32,"column":4},"end":{"line":36,"column":5}},{"start":{},"end":{}}],"line":32},"1":{"loc":{"start":{"line":32,"column":8},"end":{"line":32,"column":24}},"type":"binary-expr","locations":[{"start":{"line":32,"column":8},"end":{"line":32,"column":15}},{"start":{"line":32,"column":19},"end":{"line":32,"column":24}}],"line":32}},"s":{"0":2,"1":2,"2":2,"3":0,"4":0,"5":0,"6":0,"7":0,"8":2,"9":0,"10":0,"11":0,"12":0,"13":0,"14":2,"15":0,"16":0,"17":0,"18":0,"19":0,"20":0,"21":0,"22":0,"23":0,"24":2,"25":0,"26":0,"27":0,"28":0,"29":0,"30":0,"31":2,"32":0,"33":0,"34":0,"35":0,"36":0,"37":2,"38":0,"39":0,"40":0,"41":0,"42":2,"43":0,"44":0,"45":0,"46":0,"47":0,"48":2,"49":0,"50":0,"51":0,"52":0,"53":0,"54":2,"55":0,"56":0,"57":0,"58":0,"59":2,"60":0,"61":0,"62":0,"63":0,"64":2},"f":{"0":0,"1":0,"2":0,"3":0,"4":0,"5":0,"6":0,"7":0,"8":0,"9":0},"b":{"0":[0,0],"1":[0,0]},"_coverageSchema":"1a1c01bbd47fc00a2c39e90264f33305004495a9","hash":"adb0d86f8e85f666bc1a0812f7fea3bc07d2f082"}
,"C:\\Users\\denis\\lab-testing-movie-api\\api-peliculas\\src\\middleware\\errorHandler.js": {"path":"C:\\Users\\denis\\lab-testing-movie-api\\api-peliculas\\src\\middleware\\errorHandler.js","statementMap":{"0":{"start":{"line":1,"column":17},"end":{"line":1,"column":45}},"1":{"start":{"line":3,"column":21},"end":{"line":23,"column":1}},"2":{"start":{"line":5,"column":2},"end":{"line":9,"column":3}},"3":{"start":{"line":6,"column":4},"end":{"line":8,"column":6}},"4":{"start":{"line":12,"column":2},"end":{"line":16,"column":3}},"5":{"start":{"line":13,"column":4},"end":{"line":15,"column":6}},"6":{"start":{"line":19,"column":2},"end":{"line":19,"column":41}},"7":{"start":{"line":20,"column":2},"end":{"line":22,"column":4}},"8":{"start":{"line":25,"column":0},"end":{"line":25,"column":29}}},"fnMap":{"0":{"name":"(anonymous_0)","decl":{"start":{"line":3,"column":21},"end":{"line":3,"column":22}},"loc":{"start":{"line":3,"column":46},"end":{"line":23,"column":1}},"line":3}},"branchMap":{"0":{"loc":{"start":{"line":5,"column":2},"end":{"line":9,"column":3}},"type":"if","locations":[{"start":{"line":5,"column":2},"end":{"line":9,"column":3}},{"start":{},"end":{}}],"line":5},"1":{"loc":{"start":{"line":12,"column":2},"end":{"line":16,"column":3}},"type":"if","locations":[{"start":{"line":12,"column":2},"end":{"line":16,"column":3}},{"start":{},"end":{}}],"line":12},"2":{"loc":{"start":{"line":12,"column":6},"end":{"line":12,"column":71}},"type":"binary-expr","locations":[{"start":{"line":12,"column":6},"end":{"line":12,"column":32}},{"start":{"line":12,"column":36},"end":{"line":12,"column":54}},{"start":{"line":12,"column":58},"end":{"line":12,"column":71}}],"line":12}},"s":{"0":2,"1":2,"2":8,"3":8,"4":0,"5":0,"6":0,"7":0,"8":2},"f":{"0":8},"b":{"0":[8,0],"1":[0,0],"2":[0,0,0]},"_coverageSchema":"1a1c01bbd47fc00a2c39e90264f33305004495a9","hash":"da5c2c35cf0952f4bd00fa872063c2467cafcc8f"}
,"C:\\Users\\denis\\lab-testing-movie-api\\api-peliculas\\src\\middleware\\verificarRol.js": {"path":"C:\\Users\\denis\\lab-testing-movie-api\\api-peliculas\\src\\middleware\\verificarRol.js","statementMap":{"0":{"start":{"line":1,"column":17},"end":{"line":1,"column":45}},"1":{"start":{"line":4,"column":21},"end":{"line":19,"column":1}},"2":{"start":{"line":5,"column":2},"end":{"line":18,"column":3}},"3":{"start":{"line":6,"column":4},"end":{"line":8,"column":5}},"4":{"start":{"line":7,"column":6},"end":{"line":7,"column":54}},"5":{"start":{"line":10,"column":4},"end":{"line":15,"column":5}},"6":{"start":{"line":11,"column":6},"end":{"line":14,"column":8}},"7":{"start":{"line":17,"column":4},"end":{"line":17,"column":10}},"8":{"start":{"line":21,"column":0},"end":{"line":21,"column":29}}},"fnMap":{"0":{"name":"(anonymous_0)","decl":{"start":{"line":4,"column":21},"end":{"line":4,"column":22}},"loc":{"start":{"line":4,"column":45},"end":{"line":19,"column":1}},"line":4},"1":{"name":"(anonymous_1)","decl":{"start":{"line":5,"column":9},"end":{"line":5,"column":10}},"loc":{"start":{"line":5,"column":29},"end":{"line":18,"column":3}},"line":5}},"branchMap":{"0":{"loc":{"start":{"line":6,"column":4},"end":{"line":8,"column":5}},"type":"if","locations":[{"start":{"line":6,"column":4},"end":{"line":8,"column":5}},{"start":{},"end":{}}],"line":6},"1":{"loc":{"start":{"line":10,"column":4},"end":{"line":15,"column":5}},"type":"if","locations":[{"start":{"line":10,"column":4},"end":{"line":15,"column":5}},{"start":{},"end":{}}],"line":10}},"s":{"0":2,"1":2,"2":4,"3":0,"4":0,"5":0,"6":0,"7":0,"8":2},"f":{"0":4,"1":0},"b":{"0":[0,0],"1":[0,0]},"_coverageSchema":"1a1c01bbd47fc00a2c39e90264f33305004495a9","hash":"af171e3997268bbdee75abd147e0486b25824923"}
,"C:\\Users\\denis\\lab-testing-movie-api\\api-peliculas\\src\\middleware\\verificarToken.js": {"path":"C:\\Users\\denis\\lab-testing-movie-api\\api-peliculas\\src\\middleware\\verificarToken.js","statementMap":{"0":{"start":{"line":1,"column":12},"end":{"line":1,"column":35}},"1":{"start":{"line":2,"column":17},"end":{"line":2,"column":45}},"2":{"start":{"line":4,"column":23},"end":{"line":23,"column":1}},"3":{"start":{"line":5,"column":21},"end":{"line":5,"column":46}},"4":{"start":{"line":7,"column":2},"end":{"line":9,"column":3}},"5":{"start":{"line":8,"column":4},"end":{"line":8,"column":60}},"6":{"start":{"line":11,"column":16},"end":{"line":11,"column":40}},"7":{"start":{"line":13,"column":2},"end":{"line":22,"column":3}},"8":{"start":{"line":14,"column":20},"end":{"line":14,"column":61}},"9":{"start":{"line":15,"column":4},"end":{"line":15,"column":25}},"10":{"start":{"line":16,"column":4},"end":{"line":16,"column":10}},"11":{"start":{"line":18,"column":4},"end":{"line":20,"column":5}},"12":{"start":{"line":19,"column":6},"end":{"line":19,"column":54}},"13":{"start":{"line":21,"column":4},"end":{"line":21,"column":52}},"14":{"start":{"line":25,"column":0},"end":{"line":25,"column":31}}},"fnMap":{"0":{"name":"(anonymous_0)","decl":{"start":{"line":4,"column":23},"end":{"line":4,"column":24}},"loc":{"start":{"line":4,"column":43},"end":{"line":23,"column":1}},"line":4}},"branchMap":{"0":{"loc":{"start":{"line":7,"column":2},"end":{"line":9,"column":3}},"type":"if","locations":[{"start":{"line":7,"column":2},"end":{"line":9,"column":3}},{"start":{},"end":{}}],"line":7},"1":{"loc":{"start":{"line":7,"column":6},"end":{"line":7,"column":54}},"type":"binary-expr","locations":[{"start":{"line":7,"column":6},"end":{"line":7,"column":17}},{"start":{"line":7,"column":21},"end":{"line":7,"column":54}}],"line":7},"2":{"loc":{"start":{"line":18,"column":4},"end":{"line":20,"column":5}},"type":"if","locations":[{"start":{"line":18,"column":4},"end":{"line":20,"column":5}},{"start":{},"end":{}}],"line":18}},"s":{"0":2,"1":2,"2":2,"3":17,"4":17,"5":3,"6":14,"7":14,"8":14,"9":12,"10":12,"11":2,"12":1,"13":1,"14":2},"f":{"0":17},"b":{"0":[3,14],"1":[17,15],"2":[1,1]},"_coverageSchema":"1a1c01bbd47fc00a2c39e90264f33305004495a9","hash":"51b921abbdce72e4de6260da957949455c21630a"}
,"C:\\Users\\denis\\lab-testing-movie-api\\api-peliculas\\src\\middleware\\verificarWebhook.js": {"path":"C:\\Users\\denis\\lab-testing-movie-api\\api-peliculas\\src\\middleware\\verificarWebhook.js","statementMap":{"0":{"start":{"line":2,"column":15},"end":{"line":2,"column":32}},"1":{"start":{"line":4,"column":25},"end":{"line":33,"column":1}},"2":{"start":{"line":5,"column":16},"end":{"line":5,"column":50}},"3":{"start":{"line":7,"column":2},"end":{"line":9,"column":3}},"4":{"start":{"line":8,"column":4},"end":{"line":8,"column":72}},"5":{"start":{"line":11,"column":18},"end":{"line":11,"column":44}},"6":{"start":{"line":14,"column":24},"end":{"line":17,"column":18}},"7":{"start":{"line":20,"column":2},"end":{"line":30,"column":3}},"8":{"start":{"line":21,"column":24},"end":{"line":21,"column":50}},"9":{"start":{"line":22,"column":32},"end":{"line":22,"column":66}},"10":{"start":{"line":24,"column":4},"end":{"line":27,"column":5}},"11":{"start":{"line":26,"column":6},"end":{"line":26,"column":73}},"12":{"start":{"line":29,"column":4},"end":{"line":29,"column":70}},"13":{"start":{"line":32,"column":2},"end":{"line":32,"column":8}},"14":{"start":{"line":35,"column":0},"end":{"line":35,"column":33}}},"fnMap":{"0":{"name":"(anonymous_0)","decl":{"start":{"line":4,"column":25},"end":{"line":4,"column":26}},"loc":{"start":{"line":4,"column":45},"end":{"line":33,"column":1}},"line":4}},"branchMap":{"0":{"loc":{"start":{"line":7,"column":2},"end":{"line":9,"column":3}},"type":"if","locations":[{"start":{"line":7,"column":2},"end":{"line":9,"column":3}},{"start":{},"end":{}}],"line":7},"1":{"loc":{"start":{"line":24,"column":4},"end":{"line":27,"column":5}},"type":"if","locations":[{"start":{"line":24,"column":4},"end":{"line":27,"column":5}},{"start":{},"end":{}}],"line":24},"2":{"loc":{"start":{"line":24,"column":8},"end":{"line":25,"column":65}},"type":"binary-expr","locations":[{"start":{"line":24,"column":8},"end":{"line":24,"column":57}},{"start":{"line":25,"column":8},"end":{"line":25,"column":65}}],"line":24}},"s":{"0":2,"1":2,"2":0,"3":0,"4":0,"5":0,"6":0,"7":0,"8":0,"9":0,"10":0,"11":0,"12":0,"13":0,"14":2},"f":{"0":0},"b":{"0":[0,0],"1":[0,0],"2":[0,0]},"_coverageSchema":"1a1c01bbd47fc00a2c39e90264f33305004495a9","hash":"c41f1f77508f583ae3c542b751f73d8b41b09c4f"}
,"C:\\Users\\denis\\lab-testing-movie-api\\api-peliculas\\src\\routes\\auth.js": {"path":"C:\\Users\\denis\\lab-testing-movie-api\\api-peliculas\\src\\routes\\auth.js","statementMap":{"0":{"start":{"line":1,"column":19},"end":{"line":1,"column":37}},"1":{"start":{"line":2,"column":15},"end":{"line":2,"column":23}},"2":{"start":{"line":3,"column":36},"end":{"line":3,"column":76}},"3":{"start":{"line":4,"column":23},"end":{"line":4,"column":62}},"4":{"start":{"line":6,"column":0},"end":{"line":6,"column":34}},"5":{"start":{"line":7,"column":0},"end":{"line":7,"column":28}},"6":{"start":{"line":8,"column":0},"end":{"line":8,"column":45}},"7":{"start":{"line":10,"column":0},"end":{"line":10,"column":23}}},"fnMap":{},"branchMap":{},"s":{"0":2,"1":2,"2":2,"3":2,"4":2,"5":2,"6":2,"7":2},"f":{},"b":{},"_coverageSchema":"1a1c01bbd47fc00a2c39e90264f33305004495a9","hash":"244d3c079269467e3f112a206e3212a1dbf94e4c"}
,"C:\\Users\\denis\\lab-testing-movie-api\\api-peliculas\\src\\routes\\estadisticas.js": {"path":"C:\\Users\\denis\\lab-testing-movie-api\\api-peliculas\\src\\routes\\estadisticas.js","statementMap":{"0":{"start":{"line":1,"column":19},"end":{"line":1,"column":37}},"1":{"start":{"line":2,"column":15},"end":{"line":2,"column":23}},"2":{"start":{"line":8,"column":4},"end":{"line":8,"column":49}},"3":{"start":{"line":11,"column":0},"end":{"line":11,"column":36}},"4":{"start":{"line":14,"column":0},"end":{"line":14,"column":49}},"5":{"start":{"line":17,"column":0},"end":{"line":17,"column":43}},"6":{"start":{"line":19,"column":0},"end":{"line":19,"column":23}}},"fnMap":{},"branchMap":{},"s":{"0":2,"1":2,"2":2,"3":2,"4":2,"5":2,"6":2},"f":{},"b":{},"_coverageSchema":"1a1c01bbd47fc00a2c39e90264f33305004495a9","hash":"f349f2ff3e2e9bdf4ae3b17e0e3665252b81c1b2"}
,"C:\\Users\\denis\\lab-testing-movie-api\\api-peliculas\\src\\routes\\favoritos.js": {"path":"C:\\Users\\denis\\lab-testing-movie-api\\api-peliculas\\src\\routes\\favoritos.js","statementMap":{"0":{"start":{"line":1,"column":19},"end":{"line":1,"column":37}},"1":{"start":{"line":2,"column":15},"end":{"line":2,"column":23}},"2":{"start":{"line":3,"column":23},"end":{"line":3,"column":62}},"3":{"start":{"line":4,"column":60},"end":{"line":4,"column":105}},"4":{"start":{"line":6,"column":0},"end":{"line":6,"column":26}},"5":{"start":{"line":8,"column":0},"end":{"line":8,"column":43}},"6":{"start":{"line":9,"column":0},"end":{"line":9,"column":45}},"7":{"start":{"line":10,"column":0},"end":{"line":10,"column":32}},"8":{"start":{"line":12,"column":0},"end":{"line":12,"column":23}}},"fnMap":{},"branchMap":{},"s":{"0":2,"1":2,"2":2,"3":2,"4":2,"5":2,"6":2,"7":2,"8":2},"f":{},"b":{},"_coverageSchema":"1a1c01bbd47fc00a2c39e90264f33305004495a9","hash":"16f8ac60d0d4e79e6a044af2a258c8ec49ee5cd0"}
,"C:\\Users\\denis\\lab-testing-movie-api\\api-peliculas\\src\\routes\\peliculas.js": {"path":"C:\\Users\\denis\\lab-testing-movie-api\\api-peliculas\\src\\routes\\peliculas.js","statementMap":{"0":{"start":{"line":1,"column":19},"end":{"line":1,"column":37}},"1":{"start":{"line":2,"column":15},"end":{"line":2,"column":23}},"2":{"start":{"line":3,"column":23},"end":{"line":3,"column":62}},"3":{"start":{"line":4,"column":21},"end":{"line":4,"column":58}},"4":{"start":{"line":13,"column":4},"end":{"line":13,"column":49}},"5":{"start":{"line":16,"column":0},"end":{"line":16,"column":32}},"6":{"start":{"line":17,"column":0},"end":{"line":17,"column":35}},"7":{"start":{"line":18,"column":0},"end":{"line":18,"column":41}},"8":{"start":{"line":21,"column":0},"end":{"line":21,"column":47}},"9":{"start":{"line":22,"column":0},"end":{"line":22,"column":56}},"10":{"start":{"line":25,"column":0},"end":{"line":25,"column":77}},"11":{"start":{"line":26,"column":0},"end":{"line":26,"column":78}},"12":{"start":{"line":28,"column":0},"end":{"line":28,"column":23}}},"fnMap":{},"branchMap":{},"s":{"0":2,"1":2,"2":2,"3":2,"4":2,"5":2,"6":2,"7":2,"8":2,"9":2,"10":2,"11":2,"12":2},"f":{},"b":{},"_coverageSchema":"1a1c01bbd47fc00a2c39e90264f33305004495a9","hash":"19adbd6da63260db5aa8b81d9260d08cc0f98c27"}
,"C:\\Users\\denis\\lab-testing-movie-api\\api-peliculas\\src\\routes\\webhooks.js": {"path":"C:\\Users\\denis\\lab-testing-movie-api\\api-peliculas\\src\\routes\\webhooks.js","statementMap":{"0":{"start":{"line":3,"column":19},"end":{"line":3,"column":37}},"1":{"start":{"line":4,"column":15},"end":{"line":4,"column":23}},"2":{"start":{"line":6,"column":13},"end":{"line":6,"column":36}},"3":{"start":{"line":7,"column":25},"end":{"line":7,"column":66}},"4":{"start":{"line":8,"column":17},"end":{"line":8,"column":45}},"5":{"start":{"line":12,"column":0},"end":{"line":107,"column":2}},"6":{"start":{"line":13,"column":2},"end":{"line":106,"column":3}},"7":{"start":{"line":14,"column":63},"end":{"line":14,"column":71}},"8":{"start":{"line":17,"column":4},"end":{"line":19,"column":5}},"9":{"start":{"line":18,"column":6},"end":{"line":18,"column":83}},"10":{"start":{"line":22,"column":28},"end":{"line":25,"column":5}},"11":{"start":{"line":27,"column":4},"end":{"line":29,"column":5}},"12":{"start":{"line":28,"column":6},"end":{"line":28,"column":81}},"13":{"start":{"line":32,"column":19},"end":{"line":32,"column":39}},"14":{"start":{"line":34,"column":4},"end":{"line":102,"column":5}},"15":{"start":{"line":35,"column":6},"end":{"line":35,"column":33}},"16":{"start":{"line":38,"column":6},"end":{"line":42,"column":7}},"17":{"start":{"line":45,"column":23},"end":{"line":45,"column":27}},"18":{"start":{"line":46,"column":6},"end":{"line":64,"column":7}},"19":{"start":{"line":47,"column":31},"end":{"line":53,"column":9}},"20":{"start":{"line":55,"column":8},"end":{"line":63,"column":9}},"21":{"start":{"line":56,"column":10},"end":{"line":56,"column":48}},"22":{"start":{"line":58,"column":28},"end":{"line":61,"column":11}},"23":{"start":{"line":62,"column":10},"end":{"line":62,"column":52}},"24":{"start":{"line":67,"column":21},"end":{"line":67,"column":25}},"25":{"start":{"line":68,"column":6},"end":{"line":74,"column":7}},"26":{"start":{"line":69,"column":29},"end":{"line":72,"column":9}},"27":{"start":{"line":73,"column":8},"end":{"line":73,"column":51}},"28":{"start":{"line":77,"column":29},"end":{"line":82,"column":7}},"29":{"start":{"line":85,"column":6},"end":{"line":88,"column":7}},"30":{"start":{"line":90,"column":6},"end":{"line":90,"column":34}},"31":{"start":{"line":92,"column":6},"end":{"line":95,"column":8}},"32":{"start":{"line":98,"column":6},"end":{"line":98,"column":36}},"33":{"start":{"line":99,"column":6},"end":{"line":99,"column":15}},"34":{"start":{"line":101,"column":6},"end":{"line":101,"column":22}},"35":{"start":{"line":105,"column":4},"end":{"line":105,"column":13}},"36":{"start":{"line":111,"column":0},"end":{"line":153,"column":2}},"37":{"start":{"line":112,"column":2},"end":{"line":152,"column":3}},"38":{"start":{"line":113,"column":64},"end":{"line":113,"column":72}},"39":{"start":{"line":115,"column":4},"end":{"line":117,"column":5}},"40":{"start":{"line":116,"column":6},"end":{"line":116,"column":95}},"41":{"start":{"line":120,"column":19},"end":{"line":123,"column":5}},"42":{"start":{"line":124,"column":4},"end":{"line":126,"column":5}},"43":{"start":{"line":125,"column":6},"end":{"line":125,"column":67}},"44":{"start":{"line":129,"column":21},"end":{"line":129,"column":94}},"45":{"start":{"line":130,"column":4},"end":{"line":132,"column":5}},"46":{"start":{"line":131,"column":6},"end":{"line":131,"column":55}},"47":{"start":{"line":135,"column":4},"end":{"line":139,"column":5}},"48":{"start":{"line":141,"column":21},"end":{"line":146,"column":5}},"49":{"start":{"line":148,"column":4},"end":{"line":148,"column":55}},"50":{"start":{"line":151,"column":4},"end":{"line":151,"column":13}},"51":{"start":{"line":155,"column":0},"end":{"line":155,"column":23}}},"fnMap":{"0":{"name":"(anonymous_0)","decl":{"start":{"line":12,"column":44},"end":{"line":12,"column":45}},"loc":{"start":{"line":12,"column":70},"end":{"line":107,"column":1}},"line":12},"1":{"name":"(anonymous_1)","decl":{"start":{"line":111,"column":42},"end":{"line":111,"column":43}},"loc":{"start":{"line":111,"column":68},"end":{"line":153,"column":1}},"line":111}},"branchMap":{"0":{"loc":{"start":{"line":17,"column":4},"end":{"line":19,"column":5}},"type":"if","locations":[{"start":{"line":17,"column":4},"end":{"line":19,"column":5}},{"start":{},"end":{}}],"line":17},"1":{"loc":{"start":{"line":17,"column":8},"end":{"line":17,"column":37}},"type":"binary-expr","locations":[{"start":{"line":17,"column":8},"end":{"line":17,"column":17}},{"start":{"line":17,"column":21},"end":{"line":17,"column":28}},{"start":{"line":17,"column":32},"end":{"line":17,"column":37}}],"line":17},"2":{"loc":{"start":{"line":27,"column":4},"end":{"line":29,"column":5}},"type":"if","locations":[{"start":{"line":27,"column":4},"end":{"line":29,"column":5}},{"start":{},"end":{}}],"line":27},"3":{"loc":{"start":{"line":46,"column":6},"end":{"line":64,"column":7}},"type":"if","locations":[{"start":{"line":46,"column":6},"end":{"line":64,"column":7}},{"start":{},"end":{}}],"line":46},"4":{"loc":{"start":{"line":55,"column":8},"end":{"line":63,"column":9}},"type":"if","locations":[{"start":{"line":55,"column":8},"end":{"line":63,"column":9}},{"start":{"line":57,"column":15},"end":{"line":63,"column":9}}],"line":55},"5":{"loc":{"start":{"line":62,"column":23},"end":{"line":62,"column":52}},"type":"binary-expr","locations":[{"start":{"line":62,"column":23},"end":{"line":62,"column":44}},{"start":{"line":62,"column":48},"end":{"line":62,"column":52}}],"line":62},"6":{"loc":{"start":{"line":68,"column":6},"end":{"line":74,"column":7}},"type":"if","locations":[{"start":{"line":68,"column":6},"end":{"line":74,"column":7}},{"start":{},"end":{}}],"line":68},"7":{"loc":{"start":{"line":73,"column":19},"end":{"line":73,"column":51}},"type":"binary-expr","locations":[{"start":{"line":73,"column":19},"end":{"line":73,"column":43}},{"start":{"line":73,"column":47},"end":{"line":73,"column":51}}],"line":73},"8":{"loc":{"start":{"line":81,"column":31},"end":{"line":81,"column":57}},"type":"cond-expr","locations":[{"start":{"line":81,"column":38},"end":{"line":81,"column":50}},{"start":{"line":81,"column":53},"end":{"line":81,"column":57}}],"line":81},"9":{"loc":{"start":{"line":115,"column":4},"end":{"line":117,"column":5}},"type":"if","locations":[{"start":{"line":115,"column":4},"end":{"line":117,"column":5}},{"start":{},"end":{}}],"line":115},"10":{"loc":{"start":{"line":115,"column":8},"end":{"line":115,"column":68}},"type":"binary-expr","locations":[{"start":{"line":115,"column":8},"end":{"line":115,"column":17}},{"start":{"line":115,"column":21},"end":{"line":115,"column":33}},{"start":{"line":115,"column":37},"end":{"line":115,"column":43}},{"start":{"line":115,"column":47},"end":{"line":115,"column":53}},{"start":{"line":115,"column":57},"end":{"line":115,"column":68}}],"line":115},"11":{"loc":{"start":{"line":124,"column":4},"end":{"line":126,"column":5}},"type":"if","locations":[{"start":{"line":124,"column":4},"end":{"line":126,"column":5}},{"start":{},"end":{}}],"line":124},"12":{"loc":{"start":{"line":130,"column":4},"end":{"line":132,"column":5}},"type":"if","locations":[{"start":{"line":130,"column":4},"end":{"line":132,"column":5}},{"start":{},"end":{}}],"line":130}},"s":{"0":2,"1":2,"2":2,"3":2,"4":2,"5":2,"6":0,"7":0,"8":0,"9":0,"10":0,"11":0,"12":0,"13":0,"14":0,"15":0,"16":0,"17":0,"18":0,"19":0,"20":0,"21":0,"22":0,"23":0,"24":0,"25":0,"26":0,"27":0,"28":0,"29":0,"30":0,"31":0,"32":0,"33":0,"34":0,"35":0,"36":2,"37":0,"38":0,"39":0,"40":0,"41":0,"42":0,"43":0,"44":0,"45":0,"46":0,"47":0,"48":0,"49":0,"50":0,"51":2},"f":{"0":0,"1":0},"b":{"0":[0,0],"1":[0,0,0],"2":[0,0],"3":[0,0],"4":[0,0],"5":[0,0],"6":[0,0],"7":[0,0],"8":[0,0],"9":[0,0],"10":[0,0,0,0,0],"11":[0,0],"12":[0,0]},"_coverageSchema":"1a1c01bbd47fc00a2c39e90264f33305004495a9","hash":"a2b78a830e3600dfb4862a5781f7e1ba1e43ca3d"}
,"C:\\Users\\denis\\lab-testing-movie-api\\api-peliculas\\src\\services\\PeliculaService.js": {"path":"C:\\Users\\denis\\lab-testing-movie-api\\api-peliculas\\src\\services\\PeliculaService.js","statementMap":{"0":{"start":{"line":2,"column":13},"end":{"line":2,"column":36}},"1":{"start":{"line":3,"column":17},"end":{"line":3,"column":45}},"2":{"start":{"line":8,"column":16},"end":{"line":20,"column":5}},"3":{"start":{"line":21,"column":19},"end":{"line":21,"column":21}},"4":{"start":{"line":23,"column":4},"end":{"line":26,"column":5}},"5":{"start":{"line":24,"column":6},"end":{"line":24,"column":33}},"6":{"start":{"line":25,"column":6},"end":{"line":25,"column":50}},"7":{"start":{"line":28,"column":4},"end":{"line":32,"column":5}},"8":{"start":{"line":29,"column":6},"end":{"line":29,"column":40}},"9":{"start":{"line":30,"column":24},"end":{"line":30,"column":96}},"10":{"start":{"line":31,"column":6},"end":{"line":31,"column":75}},"11":{"start":{"line":34,"column":4},"end":{"line":34,"column":47}},"12":{"start":{"line":36,"column":21},"end":{"line":36,"column":52}},"13":{"start":{"line":37,"column":4},"end":{"line":37,"column":15}},"14":{"start":{"line":41,"column":21},"end":{"line":51,"column":5}},"15":{"start":{"line":53,"column":4},"end":{"line":53,"column":76}},"16":{"start":{"line":53,"column":27},"end":{"line":53,"column":76}},"17":{"start":{"line":54,"column":4},"end":{"line":54,"column":18}},"18":{"start":{"line":58,"column":59},"end":{"line":58,"column":64}},"19":{"start":{"line":60,"column":4},"end":{"line":62,"column":5}},"20":{"start":{"line":61,"column":6},"end":{"line":61,"column":64}},"21":{"start":{"line":64,"column":21},"end":{"line":69,"column":5}},"22":{"start":{"line":71,"column":4},"end":{"line":71,"column":18}},"23":{"start":{"line":75,"column":21},"end":{"line":75,"column":48}},"24":{"start":{"line":77,"column":59},"end":{"line":77,"column":64}},"25":{"start":{"line":79,"column":21},"end":{"line":92,"column":5}},"26":{"start":{"line":94,"column":4},"end":{"line":94,"column":18}},"27":{"start":{"line":98,"column":21},"end":{"line":101,"column":5}},"28":{"start":{"line":103,"column":4},"end":{"line":103,"column":76}},"29":{"start":{"line":103,"column":27},"end":{"line":103,"column":76}},"30":{"start":{"line":104,"column":4},"end":{"line":104,"column":18}},"31":{"start":{"line":108,"column":21},"end":{"line":116,"column":6}},"32":{"start":{"line":118,"column":32},"end":{"line":124,"column":6}},"33":{"start":{"line":126,"column":4},"end":{"line":126,"column":36}},"34":{"start":{"line":133,"column":4},"end":{"line":133,"column":39}},"35":{"start":{"line":135,"column":21},"end":{"line":138,"column":5}},"36":{"start":{"line":140,"column":4},"end":{"line":140,"column":15}},"37":{"start":{"line":144,"column":4},"end":{"line":144,"column":39}},"38":{"start":{"line":146,"column":41},"end":{"line":146,"column":46}},"39":{"start":{"line":148,"column":4},"end":{"line":150,"column":5}},"40":{"start":{"line":149,"column":6},"end":{"line":149,"column":68}},"41":{"start":{"line":152,"column":21},"end":{"line":157,"column":5}},"42":{"start":{"line":159,"column":4},"end":{"line":159,"column":18}},"43":{"start":{"line":163,"column":0},"end":{"line":163,"column":38}}},"fnMap":{"0":{"name":"(anonymous_0)","decl":{"start":{"line":7,"column":2},"end":{"line":7,"column":3}},"loc":{"start":{"line":7,"column":35},"end":{"line":38,"column":3}},"line":7},"1":{"name":"(anonymous_1)","decl":{"start":{"line":40,"column":2},"end":{"line":40,"column":3}},"loc":{"start":{"line":40,"column":25},"end":{"line":55,"column":3}},"line":40},"2":{"name":"(anonymous_2)","decl":{"start":{"line":57,"column":2},"end":{"line":57,"column":3}},"loc":{"start":{"line":57,"column":21},"end":{"line":72,"column":3}},"line":57},"3":{"name":"(anonymous_3)","decl":{"start":{"line":74,"column":2},"end":{"line":74,"column":3}},"loc":{"start":{"line":74,"column":30},"end":{"line":95,"column":3}},"line":74},"4":{"name":"(anonymous_4)","decl":{"start":{"line":97,"column":2},"end":{"line":97,"column":3}},"loc":{"start":{"line":97,"column":21},"end":{"line":105,"column":3}},"line":97},"5":{"name":"(anonymous_5)","decl":{"start":{"line":107,"column":2},"end":{"line":107,"column":3}},"loc":{"start":{"line":107,"column":30},"end":{"line":127,"column":3}},"line":107},"6":{"name":"(anonymous_6)","decl":{"start":{"line":132,"column":2},"end":{"line":132,"column":3}},"loc":{"start":{"line":132,"column":35},"end":{"line":141,"column":3}},"line":132},"7":{"name":"(anonymous_7)","decl":{"start":{"line":143,"column":2},"end":{"line":143,"column":3}},"loc":{"start":{"line":143,"column":39},"end":{"line":160,"column":3}},"line":143}},"branchMap":{"0":{"loc":{"start":{"line":7,"column":21},"end":{"line":7,"column":33}},"type":"default-arg","locations":[{"start":{"line":7,"column":31},"end":{"line":7,"column":33}}],"line":7},"1":{"loc":{"start":{"line":23,"column":4},"end":{"line":26,"column":5}},"type":"if","locations":[{"start":{"line":23,"column":4},"end":{"line":26,"column":5}},{"start":{},"end":{}}],"line":23},"2":{"loc":{"start":{"line":28,"column":4},"end":{"line":32,"column":5}},"type":"if","locations":[{"start":{"line":28,"column":4},"end":{"line":32,"column":5}},{"start":{},"end":{}}],"line":28},"3":{"loc":{"start":{"line":31,"column":15},"end":{"line":31,"column":75}},"type":"cond-expr","locations":[{"start":{"line":31,"column":32},"end":{"line":31,"column":51}},{"start":{"line":31,"column":54},"end":{"line":31,"column":75}}],"line":31},"4":{"loc":{"start":{"line":53,"column":4},"end":{"line":53,"column":76}},"type":"if","locations":[{"start":{"line":53,"column":4},"end":{"line":53,"column":76}},{"start":{},"end":{}}],"line":53},"5":{"loc":{"start":{"line":60,"column":4},"end":{"line":62,"column":5}},"type":"if","locations":[{"start":{"line":60,"column":4},"end":{"line":62,"column":5}},{"start":{},"end":{}}],"line":60},"6":{"loc":{"start":{"line":60,"column":8},"end":{"line":60,"column":53}},"type":"binary-expr","locations":[{"start":{"line":60,"column":8},"end":{"line":60,"column":26}},{"start":{"line":60,"column":31},"end":{"line":60,"column":39}},{"start":{"line":60,"column":43},"end":{"line":60,"column":52}}],"line":60},"7":{"loc":{"start":{"line":68,"column":29},"end":{"line":68,"column":55}},"type":"cond-expr","locations":[{"start":{"line":68,"column":36},"end":{"line":68,"column":48}},{"start":{"line":68,"column":51},"end":{"line":68,"column":55}}],"line":68},"8":{"loc":{"start":{"line":68,"column":57},"end":{"line":68,"column":76}},"type":"binary-expr","locations":[{"start":{"line":68,"column":57},"end":{"line":68,"column":68}},{"start":{"line":68,"column":72},"end":{"line":68,"column":76}}],"line":68},"9":{"loc":{"start":{"line":68,"column":78},"end":{"line":68,"column":95}},"type":"binary-expr","locations":[{"start":{"line":68,"column":78},"end":{"line":68,"column":87}},{"start":{"line":68,"column":91},"end":{"line":68,"column":95}}],"line":68},"10":{"loc":{"start":{"line":85,"column":8},"end":{"line":85,"column":33}},"type":"binary-expr","locations":[{"start":{"line":85,"column":8},"end":{"line":85,"column":14}},{"start":{"line":85,"column":18},"end":{"line":85,"column":33}}],"line":85},"11":{"loc":{"start":{"line":86,"column":8},"end":{"line":86,"column":43}},"type":"cond-expr","locations":[{"start":{"line":86,"column":15},"end":{"line":86,"column":27}},{"start":{"line":86,"column":30},"end":{"line":86,"column":43}}],"line":86},"12":{"loc":{"start":{"line":87,"column":8},"end":{"line":87,"column":57}},"type":"cond-expr","locations":[{"start":{"line":87,"column":29},"end":{"line":87,"column":41}},{"start":{"line":87,"column":44},"end":{"line":87,"column":57}}],"line":87},"13":{"loc":{"start":{"line":88,"column":8},"end":{"line":88,"column":43}},"type":"binary-expr","locations":[{"start":{"line":88,"column":8},"end":{"line":88,"column":19}},{"start":{"line":88,"column":23},"end":{"line":88,"column":43}}],"line":88},"14":{"loc":{"start":{"line":89,"column":8},"end":{"line":89,"column":39}},"type":"binary-expr","locations":[{"start":{"line":89,"column":8},"end":{"line":89,"column":17}},{"start":{"line":89,"column":21},"end":{"line":89,"column":39}}],"line":89},"15":{"loc":{"start":{"line":103,"column":4},"end":{"line":103,"column":76}},"type":"if","locations":[{"start":{"line":103,"column":4},"end":{"line":103,"column":76}},{"start":{},"end":{}}],"line":103},"16":{"loc":{"start":{"line":148,"column":4},"end":{"line":150,"column":5}},"type":"if","locations":[{"start":{"line":148,"column":4},"end":{"line":150,"column":5}},{"start":{},"end":{}}],"line":148},"17":{"loc":{"start":{"line":148,"column":8},"end":{"line":148,"column":41}},"type":"binary-expr","locations":[{"start":{"line":148,"column":8},"end":{"line":148,"column":22}},{"start":{"line":148,"column":26},"end":{"line":148,"column":41}}],"line":148}},"s":{"0":2,"1":2,"2":0,"3":0,"4":0,"5":0,"6":0,"7":0,"8":0,"9":0,"10":0,"11":0,"12":0,"13":0,"14":0,"15":0,"16":0,"17":0,"18":0,"19":0,"20":0,"21":0,"22":0,"23":0,"24":0,"25":0,"26":0,"27":0,"28":0,"29":0,"30":0,"31":0,"32":0,"33":0,"34":0,"35":0,"36":0,"37":0,"38":0,"39":0,"40":0,"41":0,"42":0,"43":2},"f":{"0":0,"1":0,"2":0,"3":0,"4":0,"5":0,"6":0,"7":0},"b":{"0":[0],"1":[0,0],"2":[0,0],"3":[0,0],"4":[0,0],"5":[0,0],"6":[0,0,0],"7":[0,0],"8":[0,0],"9":[0,0],"10":[0,0],"11":[0,0],"12":[0,0],"13":[0,0],"14":[0,0],"15":[0,0],"16":[0,0],"17":[0,0]},"_coverageSchema":"1a1c01bbd47fc00a2c39e90264f33305004495a9","hash":"9bad27dd7035a5aff85d5e868654c5426b98f2e1"}
,"C:\\Users\\denis\\lab-testing-movie-api\\api-peliculas\\src\\utils\\AppError.js": {"path":"C:\\Users\\denis\\lab-testing-movie-api\\api-peliculas\\src\\utils\\AppError.js","statementMap":{"0":{"start":{"line":3,"column":4},"end":{"line":3,"column":18}},"1":{"start":{"line":4,"column":4},"end":{"line":4,"column":32}},"2":{"start":{"line":8,"column":0},"end":{"line":8,"column":25}}},"fnMap":{"0":{"name":"(anonymous_0)","decl":{"start":{"line":2,"column":2},"end":{"line":2,"column":3}},"loc":{"start":{"line":2,"column":35},"end":{"line":5,"column":3}},"line":2}},"branchMap":{},"s":{"0":8,"1":8,"2":2},"f":{"0":8},"b":{},"_coverageSchema":"1a1c01bbd47fc00a2c39e90264f33305004495a9","hash":"70ac79e56c5d91c8ad8f2b225760f06707f78218"}
,"C:\\Users\\denis\\lab-testing-movie-api\\api-peliculas\\src\\utils\\verificarPelicula.js": {"path":"C:\\Users\\denis\\lab-testing-movie-api\\api-peliculas\\src\\utils\\verificarPelicula.js","statementMap":{"0":{"start":{"line":1,"column":13},"end":{"line":1,"column":36}},"1":{"start":{"line":2,"column":17},"end":{"line":2,"column":38}},"2":{"start":{"line":4,"column":32},"end":{"line":10,"column":1}},"3":{"start":{"line":5,"column":17},"end":{"line":5,"column":89}},"4":{"start":{"line":6,"column":2},"end":{"line":8,"column":3}},"5":{"start":{"line":7,"column":4},"end":{"line":7,"column":53}},"6":{"start":{"line":9,"column":2},"end":{"line":9,"column":23}},"7":{"start":{"line":12,"column":0},"end":{"line":12,"column":40}}},"fnMap":{"0":{"name":"(anonymous_0)","decl":{"start":{"line":4,"column":32},"end":{"line":4,"column":33}},"loc":{"start":{"line":4,"column":54},"end":{"line":10,"column":1}},"line":4}},"branchMap":{"0":{"loc":{"start":{"line":6,"column":2},"end":{"line":8,"column":3}},"type":"if","locations":[{"start":{"line":6,"column":2},"end":{"line":8,"column":3}},{"start":{},"end":{}}],"line":6}},"s":{"0":2,"1":2,"2":2,"3":8,"4":8,"5":1,"6":7,"7":2},"f":{"0":8},"b":{"0":[1,7]},"_coverageSchema":"1a1c01bbd47fc00a2c39e90264f33305004495a9","hash":"195818661681356918be00c71ee2e50bf006e27b"}
}
