TN:
SF:index.js
FN:26,(anonymous_0)
FN:35,(anonymous_1)
FNF:2
FNH:0
FNDA:0,(anonymous_0)
FNDA:0,(anonymous_1)
DA:2,2
DA:3,2
DA:5,2
DA:6,2
DA:7,2
DA:8,2
DA:9,2
DA:10,2
DA:11,2
DA:12,2
DA:13,2
DA:16,2
DA:17,2
DA:18,2
DA:21,2
DA:22,2
DA:23,2
DA:26,2
DA:27,0
DA:31,2
DA:34,2
DA:35,0
DA:36,0
DA:40,2
LF:24
LH:21
BRDA:13,0,0,2
BRDA:13,0,1,0
BRDA:34,1,0,0
BRDA:34,1,1,2
BRF:4
BRH:2
end_of_record
TN:
SF:src\__tests__\helpers.js
FN:5,(anonymous_0)
FN:22,(anonymous_1)
FNF:2
FNH:2
FNDA:8,(anonymous_0)
FNDA:8,(anonymous_1)
DA:1,1
DA:2,1
DA:3,1
DA:5,1
DA:6,8
DA:7,8
DA:13,8
DA:14,8
DA:19,8
DA:22,1
DA:23,8
DA:27,8
DA:30,1
LF:13
LH:13
BRDA:5,0,0,6
BRDA:5,1,0,8
BRDA:5,2,0,6
BRDA:5,3,0,8
BRDA:5,4,0,8
BRDA:16,5,0,8
BRDA:16,5,1,0
BRDA:22,6,0,6
BRDA:22,7,0,6
BRDA:22,8,0,8
BRDA:22,9,0,8
BRF:11
BRH:10
end_of_record
TN:
SF:src\config\db.js
FNF:0
FNH:0
DA:1,2
DA:3,2
DA:13,2
LF:3
LH:3
BRDA:4,0,0,2
BRDA:4,0,1,0
BRDA:5,1,0,2
BRDA:5,1,1,0
BRDA:6,2,0,2
BRDA:6,2,1,0
BRF:6
BRH:3
end_of_record
TN:
SF:src\controllers\authController.js
FN:8,(anonymous_0)
FN:21,(anonymous_1)
FN:62,(anonymous_2)
FN:104,(anonymous_3)
FNF:4
FNH:0
FNDA:0,(anonymous_0)
FNDA:0,(anonymous_1)
FNDA:0,(anonymous_2)
FNDA:0,(anonymous_3)
DA:1,2
DA:2,2
DA:3,2
DA:4,2
DA:6,2
DA:8,2
DA:9,0
DA:21,2
DA:22,0
DA:23,0
DA:25,0
DA:26,0
DA:29,0
DA:30,0
DA:34,0
DA:35,0
DA:36,0
DA:39,0
DA:42,0
DA:44,0
DA:51,0
DA:52,0
DA:54,0
DA:57,0
DA:62,2
DA:63,0
DA:64,0
DA:66,0
DA:67,0
DA:70,0
DA:75,0
DA:76,0
DA:79,0
DA:80,0
DA:82,0
DA:83,0
DA:86,0
DA:88,0
DA:99,0
DA:104,2
DA:105,0
DA:106,0
DA:111,0
DA:112,0
DA:115,0
DA:117,0
DA:121,2
LF:47
LH:10
BRDA:16,0,0,0
BRDA:16,0,1,0
BRDA:25,1,0,0
BRDA:25,1,1,0
BRDA:25,2,0,0
BRDA:25,2,1,0
BRDA:25,2,2,0
BRDA:29,3,0,0
BRDA:29,3,1,0
BRDA:35,4,0,0
BRDA:35,4,1,0
BRDA:42,5,0,0
BRDA:42,5,1,0
BRDA:66,6,0,0
BRDA:66,6,1,0
BRDA:66,7,0,0
BRDA:66,7,1,0
BRDA:75,8,0,0
BRDA:75,8,1,0
BRDA:82,9,0,0
BRDA:82,9,1,0
BRDA:111,10,0,0
BRDA:111,10,1,0
BRF:23
BRH:0
end_of_record
TN:
SF:src\controllers\favoritosController.js
FN:6,(anonymous_0)
FN:32,(anonymous_1)
FN:53,(anonymous_2)
FNF:3
FNH:3
FNDA:8,(anonymous_0)
FNDA:2,(anonymous_1)
FNDA:2,(anonymous_2)
DA:1,2
DA:2,2
DA:3,2
DA:6,2
DA:7,8
DA:8,8
DA:9,8
DA:11,8
DA:13,7
DA:14,7
DA:18,6
DA:20,1
DA:21,1
DA:23,0
DA:27,2
DA:32,2
DA:33,2
DA:34,2
DA:35,2
DA:37,2
DA:42,2
DA:43,1
DA:46,1
DA:48,1
DA:53,2
DA:54,2
DA:55,2
DA:57,2
DA:66,2
DA:68,0
DA:72,2
LF:31
LH:29
BRDA:20,0,0,1
BRDA:20,0,1,0
BRDA:42,1,0,1
BRDA:42,1,1,1
BRF:4
BRH:3
end_of_record
TN:
SF:src\controllers\peliculasController.js
FN:6,(anonymous_0)
FN:17,(anonymous_1)
FN:28,(anonymous_2)
FN:53,(anonymous_3)
FN:73,(anonymous_4)
FN:84,(anonymous_5)
FN:93,(anonymous_6)
FN:103,(anonymous_7)
FN:113,(anonymous_8)
FN:135,(anonymous_9)
FNF:10
FNH:0
FNDA:0,(anonymous_0)
FNDA:0,(anonymous_1)
FNDA:0,(anonymous_2)
FNDA:0,(anonymous_3)
FNDA:0,(anonymous_4)
FNDA:0,(anonymous_5)
FNDA:0,(anonymous_6)
FNDA:0,(anonymous_7)
FNDA:0,(anonymous_8)
FNDA:0,(anonymous_9)
DA:2,2
DA:3,2
DA:6,2
DA:7,0
DA:8,0
DA:9,0
DA:10,0
DA:12,0
DA:17,2
DA:18,0
DA:19,0
DA:20,0
DA:21,0
DA:23,0
DA:28,2
DA:29,0
DA:30,0
DA:32,0
DA:33,0
DA:34,0
DA:35,0
DA:38,0
DA:46,0
DA:48,0
DA:53,2
DA:54,0
DA:55,0
DA:56,0
DA:58,0
DA:66,0
DA:68,0
DA:73,2
DA:74,0
DA:75,0
DA:76,0
DA:77,0
DA:79,0
DA:84,2
DA:85,0
DA:86,0
DA:87,0
DA:89,0
DA:93,2
DA:94,0
DA:95,0
DA:96,0
DA:97,0
DA:99,0
DA:103,2
DA:104,0
DA:105,0
DA:106,0
DA:107,0
DA:109,0
DA:113,2
DA:114,0
DA:115,0
DA:128,0
DA:130,0
DA:135,2
DA:136,0
DA:137,0
DA:153,0
DA:155,0
DA:160,2
LF:65
LH:13
BRDA:32,0,0,0
BRDA:32,0,1,0
BRDA:32,1,0,0
BRDA:32,1,1,0
BRF:4
BRH:0
end_of_record
TN:
SF:src\middleware\errorHandler.js
FN:3,(anonymous_0)
FNF:1
FNH:1
FNDA:8,(anonymous_0)
DA:1,2
DA:3,2
DA:5,8
DA:6,8
DA:12,0
DA:13,0
DA:19,0
DA:20,0
DA:25,2
LF:9
LH:5
BRDA:5,0,0,8
BRDA:5,0,1,0
BRDA:12,1,0,0
BRDA:12,1,1,0
BRDA:12,2,0,0
BRDA:12,2,1,0
BRDA:12,2,2,0
BRF:7
BRH:1
end_of_record
TN:
SF:src\middleware\verificarRol.js
FN:4,(anonymous_0)
FN:5,(anonymous_1)
FNF:2
FNH:1
FNDA:4,(anonymous_0)
FNDA:0,(anonymous_1)
DA:1,2
DA:4,2
DA:5,4
DA:6,0
DA:7,0
DA:10,0
DA:11,0
DA:17,0
DA:21,2
LF:9
LH:4
BRDA:6,0,0,0
BRDA:6,0,1,0
BRDA:10,1,0,0
BRDA:10,1,1,0
BRF:4
BRH:0
end_of_record
TN:
SF:src\middleware\verificarToken.js
FN:4,(anonymous_0)
FNF:1
FNH:1
FNDA:17,(anonymous_0)
DA:1,2
DA:2,2
DA:4,2
DA:5,17
DA:7,17
DA:8,3
DA:11,14
DA:13,14
DA:14,14
DA:15,12
DA:16,12
DA:18,2
DA:19,1
DA:21,1
DA:25,2
LF:15
LH:15
BRDA:7,0,0,3
BRDA:7,0,1,14
BRDA:7,1,0,17
BRDA:7,1,1,15
BRDA:18,2,0,1
BRDA:18,2,1,1
BRF:6
BRH:6
end_of_record
TN:
SF:src\middleware\verificarWebhook.js
FN:4,(anonymous_0)
FNF:1
FNH:0
FNDA:0,(anonymous_0)
DA:2,2
DA:4,2
DA:5,0
DA:7,0
DA:8,0
DA:11,0
DA:14,0
DA:20,0
DA:21,0
DA:22,0
DA:24,0
DA:26,0
DA:29,0
DA:32,0
DA:35,2
LF:15
LH:3
BRDA:7,0,0,0
BRDA:7,0,1,0
BRDA:24,1,0,0
BRDA:24,1,1,0
BRDA:24,2,0,0
BRDA:24,2,1,0
BRF:6
BRH:0
end_of_record
TN:
SF:src\routes\auth.js
FNF:0
FNH:0
DA:1,2
DA:2,2
DA:3,2
DA:4,2
DA:6,2
DA:7,2
DA:8,2
DA:10,2
LF:8
LH:8
BRF:0
BRH:0
end_of_record
TN:
SF:src\routes\estadisticas.js
FNF:0
FNH:0
DA:1,2
DA:2,2
DA:8,2
DA:11,2
DA:14,2
DA:17,2
DA:19,2
LF:7
LH:7
BRF:0
BRH:0
end_of_record
TN:
SF:src\routes\favoritos.js
FNF:0
FNH:0
DA:1,2
DA:2,2
DA:3,2
DA:4,2
DA:6,2
DA:8,2
DA:9,2
DA:10,2
DA:12,2
LF:9
LH:9
BRF:0
BRH:0
end_of_record
TN:
SF:src\routes\peliculas.js
FNF:0
FNH:0
DA:1,2
DA:2,2
DA:3,2
DA:4,2
DA:13,2
DA:16,2
DA:17,2
DA:18,2
DA:21,2
DA:22,2
DA:25,2
DA:26,2
DA:28,2
LF:13
LH:13
BRF:0
BRH:0
end_of_record
TN:
SF:src\routes\webhooks.js
FN:12,(anonymous_0)
FN:111,(anonymous_1)
FNF:2
FNH:0
FNDA:0,(anonymous_0)
FNDA:0,(anonymous_1)
DA:3,2
DA:4,2
DA:6,2
DA:7,2
DA:8,2
DA:12,2
DA:13,0
DA:14,0
DA:17,0
DA:18,0
DA:22,0
DA:27,0
DA:28,0
DA:32,0
DA:34,0
DA:35,0
DA:38,0
DA:45,0
DA:46,0
DA:47,0
DA:55,0
DA:56,0
DA:58,0
DA:62,0
DA:67,0
DA:68,0
DA:69,0
DA:73,0
DA:77,0
DA:85,0
DA:90,0
DA:92,0
DA:98,0
DA:99,0
DA:101,0
DA:105,0
DA:111,2
DA:112,0
DA:113,0
DA:115,0
DA:116,0
DA:120,0
DA:124,0
DA:125,0
DA:129,0
DA:130,0
DA:131,0
DA:135,0
DA:141,0
DA:148,0
DA:151,0
DA:155,2
LF:52
LH:8
BRDA:17,0,0,0
BRDA:17,0,1,0
BRDA:17,1,0,0
BRDA:17,1,1,0
BRDA:17,1,2,0
BRDA:27,2,0,0
BRDA:27,2,1,0
BRDA:46,3,0,0
BRDA:46,3,1,0
BRDA:55,4,0,0
BRDA:55,4,1,0
BRDA:62,5,0,0
BRDA:62,5,1,0
BRDA:68,6,0,0
BRDA:68,6,1,0
BRDA:73,7,0,0
BRDA:73,7,1,0
BRDA:81,8,0,0
BRDA:81,8,1,0
BRDA:115,9,0,0
BRDA:115,9,1,0
BRDA:115,10,0,0
BRDA:115,10,1,0
BRDA:115,10,2,0
BRDA:115,10,3,0
BRDA:115,10,4,0
BRDA:124,11,0,0
BRDA:124,11,1,0
BRDA:130,12,0,0
BRDA:130,12,1,0
BRF:30
BRH:0
end_of_record
TN:
SF:src\services\PeliculaService.js
FN:7,(anonymous_0)
FN:40,(anonymous_1)
FN:57,(anonymous_2)
FN:74,(anonymous_3)
FN:97,(anonymous_4)
FN:107,(anonymous_5)
FN:132,(anonymous_6)
FN:143,(anonymous_7)
FNF:8
FNH:0
FNDA:0,(anonymous_0)
FNDA:0,(anonymous_1)
FNDA:0,(anonymous_2)
FNDA:0,(anonymous_3)
FNDA:0,(anonymous_4)
FNDA:0,(anonymous_5)
FNDA:0,(anonymous_6)
FNDA:0,(anonymous_7)
DA:2,2
DA:3,2
DA:8,0
DA:21,0
DA:23,0
DA:24,0
DA:25,0
DA:28,0
DA:29,0
DA:30,0
DA:31,0
DA:34,0
DA:36,0
DA:37,0
DA:41,0
DA:53,0
DA:54,0
DA:58,0
DA:60,0
DA:61,0
DA:64,0
DA:71,0
DA:75,0
DA:77,0
DA:79,0
DA:94,0
DA:98,0
DA:103,0
DA:104,0
DA:108,0
DA:118,0
DA:126,0
DA:133,0
DA:135,0
DA:140,0
DA:144,0
DA:146,0
DA:148,0
DA:149,0
DA:152,0
DA:159,0
DA:163,2
LF:42
LH:3
BRDA:7,0,0,0
BRDA:23,1,0,0
BRDA:23,1,1,0
BRDA:28,2,0,0
BRDA:28,2,1,0
BRDA:31,3,0,0
BRDA:31,3,1,0
BRDA:53,4,0,0
BRDA:53,4,1,0
BRDA:60,5,0,0
BRDA:60,5,1,0
BRDA:60,6,0,0
BRDA:60,6,1,0
BRDA:60,6,2,0
BRDA:68,7,0,0
BRDA:68,7,1,0
BRDA:68,8,0,0
BRDA:68,8,1,0
BRDA:68,9,0,0
BRDA:68,9,1,0
BRDA:85,10,0,0
BRDA:85,10,1,0
BRDA:86,11,0,0
BRDA:86,11,1,0
BRDA:87,12,0,0
BRDA:87,12,1,0
BRDA:88,13,0,0
BRDA:88,13,1,0
BRDA:89,14,0,0
BRDA:89,14,1,0
BRDA:103,15,0,0
BRDA:103,15,1,0
BRDA:148,16,0,0
BRDA:148,16,1,0
BRDA:148,17,0,0
BRDA:148,17,1,0
BRF:36
BRH:0
end_of_record
TN:
SF:src\utils\AppError.js
FN:2,(anonymous_0)
FNF:1
FNH:1
FNDA:8,(anonymous_0)
DA:3,8
DA:4,8
DA:8,2
LF:3
LH:3
BRF:0
BRH:0
end_of_record
TN:
SF:src\utils\verificarPelicula.js
FN:4,(anonymous_0)
FNF:1
FNH:1
FNDA:8,(anonymous_0)
DA:1,2
DA:2,2
DA:4,2
DA:5,8
DA:6,8
DA:7,1
DA:9,7
DA:12,2
LF:8
LH:8
BRDA:6,0,0,1
BRDA:6,0,1,7
BRF:2
BRH:2
end_of_record
